<?xml version="1.0" encoding="UTF-8"?>
<!-- Generated by org.testng.reporters.JUnitReportReporter -->
<testsuite hostname="LAPTOP-5COFNKBT" failures="0" tests="2" name="com.nt.groups.TestNGGroups2" time="0.006" errors="0" timestamp="3 Sep 2024 14:08:26 GMT">
  <testcase classname="com.nt.groups.TestNGGroups2" name="paymentRupay" time="0.003"/>
  <testcase classname="com.nt.groups.TestNGGroups2" name="paymentVisa" time="0.003"/>
</testsuite> <!-- com.nt.groups.TestNGGroups2 -->
