<?xml version="1.0" encoding="UTF-8"?>
<!-- Generated by org.testng.reporters.JUnitReportReporter -->
<testsuite hostname="LAPTOP-5COFNKBT" failures="0" tests="4" name="com.nt.seqtest.OrangeHrm" time="63.881" errors="0" timestamp="4 Sep 2024 13:20:20 GMT">
  <testcase classname="com.nt.seqtest.OrangeHrm" name="verifyTittle" time="22.276"/>
  <testcase classname="com.nt.seqtest.OrangeHrm" name="addEmployee" time="15.238"/>
  <testcase classname="com.nt.seqtest.OrangeHrm" name="verifyTittle" time="13.268"/>
  <testcase classname="com.nt.seqtest.OrangeHrm" name="addEmployee" time="13.099"/>
</testsuite> <!-- com.nt.seqtest.OrangeHrm -->
