<?xml version="1.0" encoding="UTF-8"?>
<!-- Generated by org.testng.reporters.JUnitReportReporter -->
<testsuite hostname="LAPTOP-5COFNKBT" failures="0" tests="3" name="com.nt.groups.TestNgGrops1" time="0.009" errors="0" timestamp="3 Sep 2024 14:08:26 GMT">
  <testcase classname="com.nt.groups.TestNgGrops1" name="logoutFaceBook" time="0.003"/>
  <testcase classname="com.nt.groups.TestNgGrops1" name="twitterlogout" time="0.002"/>
  <testcase classname="com.nt.groups.TestNgGrops1" name="logoutEmail" time="0.004"/>
</testsuite> <!-- com.nt.groups.TestNgGrops1 -->
