<?xml version="1.0" encoding="UTF-8"?>
<!-- Generated by org.testng.reporters.JUnitReportReporter -->
<testsuite hostname="LAPTOP-5COFNKBT" failures="0" tests="3" name="com.nt.groups.TestNGGroups" time="0.016" errors="0" timestamp="3 Sep 2024 14:08:26 GMT">
  <testcase classname="com.nt.groups.TestNGGroups" name="loginFaceBook" time="0.001"/>
  <testcase classname="com.nt.groups.TestNGGroups" name="twitterloin" time="0.002"/>
  <testcase classname="com.nt.groups.TestNGGroups" name="loginEmail" time="0.013"/>
</testsuite> <!-- com.nt.groups.TestNGGroups -->
