<?xml version="1.0" encoding="UTF-8"?>
<!-- Generated by org.testng.reporters.JUnitReportReporter -->
<testsuite hostname="LAPTOP-5COFNKBT" failures="0" tests="2" name="testNGDemo.TestNGDemo" time="0.009" errors="0" timestamp="1 Sep 2024 14:55:12 GMT">
  <testcase classname="testNGDemo.TestNGDemo" name="Ac" time="0.006"/>
  <testcase classname="testNGDemo.TestNGDemo" name="cb" time="0.003"/>
</testsuite> <!-- testNGDemo.TestNGDemo -->
